<?xml version="1.0" encoding="UTF-8"?>
<!-- Generated by org.testng.reporters.JUnitXMLReporter -->
<testsuite ignored="0" hostname="DESKTOP-R0GNJAC" failures="1" tests="10" name="Rest API regression Test" time="38.368" errors="0" timestamp="13 Nov 2021 08:29:30 GMT">
  <testcase classname="com.qa.api.gorest.tests.CreateUserTest" name="createUserAPIPOSTTest" time="18.346"/>
  <testcase classname="com.qa.api.gorest.tests.CreateUserTest" name="createUserAPIPOSTTest" time="0.53"/>
  <testcase classname="com.qa.api.gorest.tests.CreateUserTest" name="createUserAPIPOSTTest" time="0.543"/>
  <testcase classname="com.qa.api.gorest.tests.DeleteUserTest" name="deleteUserById" time="0.808"/>
  <testcase classname="com.qa.api.gorest.tests.GetUserTest" name="getUserListAPITest" time="0.895"/>
  <testcase classname="com.qa.api.gorest.tests.GetImgurAPITest" name="getAccountBlockStatus" time="1.104"/>
  <testcase classname="com.qa.api.gorest.tests.GetUserTest" name="getUserWithQueryParamsAPITest" time="0.485">
    <failure type="java.lang.AssertionError" message="expected [201] but found [200]">
      <![CDATA[java.lang.AssertionError: expected [201] but found [200]
at com.qa.api.gorest.tests.GetUserTest.getUserWithQueryParamsAPITest(GetUserTest.java:57)
at java.base/java.util.concurrent.ThreadPoolExecutor.runWorker(ThreadPoolExecutor.java:1128)
at java.base/java.util.concurrent.ThreadPoolExecutor$Worker.run(ThreadPoolExecutor.java:628)
at java.base/java.lang.Thread.run(Thread.java:834)
... Removed 16 stack frames]]>
    </failure>
  </testcase> <!-- getUserWithQueryParamsAPITest -->
  <testcase classname="com.qa.api.gorest.tests.GetImgurAPITest" name="getAccountImageTest" time="1.15"/>
  <testcase classname="com.qa.api.gorest.tests.GetImgurAPITest" name="getComments" time="2.989"/>
  <testcase classname="com.qa.api.gorest.tests.GetImgurAPITest" name="uploadImagePostAPITest" time="4.962"/>
</testsuite> <!-- Rest API regression Test -->
